Started GET "/" for 127.0.0.1 at 2017-12-05 13:06:55 -0800
Processing by Rails::WelcomeController#index as HTML
  Rendering C:/RailsInstaller/Ruby2.3.3/lib/ruby/gems/2.3.0/gems/railties-5.1.4/lib/rails/templates/rails/welcome/index.html.erb
  Rendered C:/RailsInstaller/Ruby2.3.3/lib/ruby/gems/2.3.0/gems/railties-5.1.4/lib/rails/templates/rails/welcome/index.html.erb (11.0ms)
Completed 200 OK in 844ms (Views: 64.6ms)


  [1m[35m (0.0ms)[0m  [1m[34mSELECT sqlite_version(*)[0m
  [1m[35m (19.1ms)[0m  [1m[35mCREATE TABLE "schema_migrations" ("version" varchar NOT NULL PRIMARY KEY)[0m
  [1m[35m (20.9ms)[0m  [1m[35mCREATE TABLE "ar_internal_metadata" ("key" varchar NOT NULL PRIMARY KEY, "value" varchar, "created_at" datetime NOT NULL, "updated_at" datetime NOT NULL)[0m
  [1m[35m (0.5ms)[0m  [1m[34mSELECT "schema_migrations"."version" FROM "schema_migrations" ORDER BY "schema_migrations"."version" ASC[0m
Migrating to CreatePosts (20171205213522)
  [1m[35m (0.0ms)[0m  [1m[36mbegin transaction[0m
  [1m[35m (1.5ms)[0m  [1m[35mCREATE TABLE "posts" ("id" INTEGER PRIMARY KEY AUTOINCREMENT NOT NULL, "title" varchar, "body" text, "created_at" datetime NOT NULL, "updated_at" datetime NOT NULL)[0m
  [1m[35mSQL (2.5ms)[0m  [1m[32mINSERT INTO "schema_migrations" ("version") VALUES (?)[0m  [["version", "20171205213522"]]
  [1m[35m (25.0ms)[0m  [1m[36mcommit transaction[0m
  [1m[36mActiveRecord::InternalMetadata Load (0.5ms)[0m  [1m[34mSELECT  "ar_internal_metadata".* FROM "ar_internal_metadata" WHERE "ar_internal_metadata"."key" = ? LIMIT ?[0m  [["key", "environment"], ["LIMIT", 1]]
  [1m[35m (0.5ms)[0m  [1m[36mbegin transaction[0m
  [1m[35mSQL (1.0ms)[0m  [1m[32mINSERT INTO "ar_internal_metadata" ("key", "value", "created_at", "updated_at") VALUES (?, ?, ?, ?)[0m  [["key", "environment"], ["value", "development"], ["created_at", "2017-12-05 21:36:08.540913"], ["updated_at", "2017-12-05 21:36:08.540913"]]
  [1m[35m (25.5ms)[0m  [1m[36mcommit transaction[0m
  [1m[35m (0.0ms)[0m  [1m[34mSELECT "schema_migrations"."version" FROM "schema_migrations" ORDER BY "schema_migrations"."version" ASC[0m
Started GET "/posts/index" for 127.0.0.1 at 2017-12-05 13:38:15 -0800
  [1m[35m (0.0ms)[0m  [1m[34mSELECT "schema_migrations"."version" FROM "schema_migrations" ORDER BY "schema_migrations"."version" ASC[0m
Processing by PostsController#index as HTML
  Rendering posts/index.html.erb within layouts/application
  Rendered posts/index.html.erb within layouts/application (0.5ms)
Completed 200 OK in 2841ms (Views: 2806.5ms | ActiveRecord: 0.0ms)


Started GET "/posts/new" for 127.0.0.1 at 2017-12-05 14:25:32 -0800
Processing by PostsController#new as HTML
  Rendering posts/new.html.erb within layouts/application
  Rendered posts/new.html.erb within layouts/application (53.5ms)
Completed 500 Internal Server Error in 197ms


  
ActionView::Template::Error (First argument in form cannot contain nil or be empty):
    1: <h1>New Post!</h1>
    2: <%= form_for @post do |f| %>
    3:     <%= f.label :title%><br>
    4:     <%= f.text_field :title %><br>
    5:     <br>
  
app/views/posts/new.html.erb:2:in `_app_views_posts_new_html_erb__333902357_63788844'
Started GET "/posts/new" for 127.0.0.1 at 2017-12-05 14:26:09 -0800
Processing by PostsController#new as HTML
  Rendering posts/new.html.erb within layouts/application
  Rendered posts/new.html.erb within layouts/application (99.0ms)
Completed 200 OK in 308ms (Views: 267.7ms | ActiveRecord: 5.0ms)


Started POST "/posts" for 127.0.0.1 at 2017-12-05 14:48:56 -0800
Processing by PostsController#create as HTML
  Parameters: {"utf8"=>"✓", "authenticity_token"=>"aKBC4TJHsg0xRvuUw+lQ4U/5Vn0sQq9s4d+d71K5/fN+mj4dwzVLrGjx+GNmAOOGvpREavaoMMzDfAGd8YC0EQ==", "post"=>{"title"=>"Test", "body"=>"asldkjalsd;kfjl;q2e"}, "commit"=>"Create Post"}
  [1m[35m (0.5ms)[0m  [1m[36mbegin transaction[0m
  [1m[35mSQL (2.5ms)[0m  [1m[32mINSERT INTO "posts" ("title", "body", "created_at", "updated_at") VALUES (?, ?, ?, ?)[0m  [["title", "Test"], ["body", "asldkjalsd;kfjl;q2e"], ["created_at", "2017-12-05 22:48:57.044521"], ["updated_at", "2017-12-05 22:48:57.044521"]]
  [1m[35m (22.0ms)[0m  [1m[36mcommit transaction[0m
Redirected to http://localhost:3000/posts/1
Completed 302 Found in 68ms (ActiveRecord: 28.5ms)


Started GET "/posts/1" for 127.0.0.1 at 2017-12-05 14:48:57 -0800
Processing by PostsController#show as HTML
  Parameters: {"id"=>"1"}
  [1m[36mPost Load (0.5ms)[0m  [1m[34mSELECT  "posts".* FROM "posts" WHERE "posts"."id" = ? LIMIT ?[0m  [["id", 1], ["LIMIT", 1]]
  Rendering posts/show.html.erb within layouts/application
  Rendered posts/show.html.erb within layouts/application (1.0ms)
Completed 200 OK in 209ms (Views: 154.0ms | ActiveRecord: 0.5ms)


Started GET "/posts" for 127.0.0.1 at 2017-12-05 14:54:18 -0800
Processing by PostsController#index as HTML
  Rendering posts/index.html.erb within layouts/application
  [1m[36mPost Load (0.5ms)[0m  [1m[34mSELECT "posts".* FROM "posts"[0m
  Rendered posts/index.html.erb within layouts/application (13.0ms)
Completed 200 OK in 163ms (Views: 132.7ms | ActiveRecord: 2.5ms)


Started GET "/posts/new" for 127.0.0.1 at 2017-12-05 14:54:24 -0800
Processing by PostsController#new as HTML
  Rendering posts/new.html.erb within layouts/application
  Rendered posts/new.html.erb within layouts/application (6.0ms)
Completed 200 OK in 155ms (Views: 127.7ms | ActiveRecord: 0.0ms)


Started POST "/posts" for 127.0.0.1 at 2017-12-05 14:54:36 -0800
Processing by PostsController#create as HTML
  Parameters: {"utf8"=>"✓", "authenticity_token"=>"pANkkPA6WGH42YHcpK41+OnjcPHagst5K5E2FwfRj6WyORhsAUihwKFugisBR4afGI5i5gBoVNkJMqplpOjGRw==", "post"=>{"title"=>"Another Post!", "body"=>"second post!"}, "commit"=>"Create Post"}
  [1m[35m (0.0ms)[0m  [1m[36mbegin transaction[0m
  [1m[35mSQL (2.0ms)[0m  [1m[32mINSERT INTO "posts" ("title", "body", "created_at", "updated_at") VALUES (?, ?, ?, ?)[0m  [["title", "Another Post!"], ["body", "second post!"], ["created_at", "2017-12-05 22:54:36.874399"], ["updated_at", "2017-12-05 22:54:36.874399"]]
  [1m[35m (19.0ms)[0m  [1m[36mcommit transaction[0m
Redirected to http://localhost:3000/posts/2
Completed 302 Found in 40ms (ActiveRecord: 21.0ms)


Started GET "/posts/2" for 127.0.0.1 at 2017-12-05 14:54:36 -0800
Processing by PostsController#show as HTML
  Parameters: {"id"=>"2"}
  [1m[36mPost Load (1.0ms)[0m  [1m[34mSELECT  "posts".* FROM "posts" WHERE "posts"."id" = ? LIMIT ?[0m  [["id", 2], ["LIMIT", 1]]
  Rendering posts/show.html.erb within layouts/application
  Rendered posts/show.html.erb within layouts/application (1.0ms)
Completed 200 OK in 167ms (Views: 134.8ms | ActiveRecord: 1.0ms)


Started GET "/posts" for 127.0.0.1 at 2017-12-05 14:54:41 -0800
Processing by PostsController#index as HTML
  Rendering posts/index.html.erb within layouts/application
  [1m[36mPost Load (1.0ms)[0m  [1m[34mSELECT "posts".* FROM "posts"[0m
  Rendered posts/index.html.erb within layouts/application (6.1ms)
Completed 200 OK in 159ms (Views: 131.0ms | ActiveRecord: 1.0ms)


Started GET "/posts" for 127.0.0.1 at 2017-12-05 14:57:32 -0800
Processing by PostsController#index as HTML
  Rendering posts/index.html.erb within layouts/application
  [1m[36mPost Load (0.5ms)[0m  [1m[34mSELECT "posts".* FROM "posts" ORDER BY created_at DESC[0m
  Rendered posts/index.html.erb within layouts/application (19.0ms)
Completed 200 OK in 217ms (Views: 178.5ms | ActiveRecord: 3.5ms)


Started GET "/posts" for 127.0.0.1 at 2017-12-05 14:58:48 -0800
Processing by PostsController#index as HTML
  Rendering posts/index.html.erb within layouts/application
  [1m[36mPost Load (3.5ms)[0m  [1m[34mSELECT "posts".* FROM "posts" ORDER BY created_at DESC[0m
  Rendered posts/index.html.erb within layouts/application (8.0ms)
Completed 200 OK in 167ms (Views: 133.3ms | ActiveRecord: 3.5ms)


Started GET "/posts/new" for 127.0.0.1 at 2017-12-05 14:58:57 -0800
Processing by PostsController#new as HTML
  Rendering posts/new.html.erb within layouts/application
  Rendered posts/new.html.erb within layouts/application (3.0ms)
Completed 200 OK in 170ms (Views: 142.3ms | ActiveRecord: 0.0ms)


Started POST "/posts" for 127.0.0.1 at 2017-12-05 14:59:12 -0800
Processing by PostsController#create as HTML
  Parameters: {"utf8"=>"✓", "authenticity_token"=>"IdbxpMbKpfCDBJkY34pxstTe73V/xX8keb1hDTNWt+U37I1YN7hcUdqzmu96Y8LVJbP9YqUv4IRbHv1/kG/+Bw==", "post"=>{"title"=>"Fraskjdl;wejf", "body"=>"ksdajf;lkjwefkl;jl qwl fk;jqwl;efjk ql;wefjk lqw;efjk lwfjlfjlwefjlq;wefj lq;wefjk l;qwfjklq; kfjqwl;fjk qwl;efjk ql;wfjk ql;wefjkql;fjkqwfjkl"}, "commit"=>"Create Post"}
  [1m[35m (0.0ms)[0m  [1m[36mbegin transaction[0m
  [1m[35mSQL (3.0ms)[0m  [1m[32mINSERT INTO "posts" ("title", "body", "created_at", "updated_at") VALUES (?, ?, ?, ?)[0m  [["title", "Fraskjdl;wejf"], ["body", "ksdajf;lkjwefkl;jl qwl fk;jqwl;efjk ql;wefjk lqw;efjk lwfjlfjlwefjlq;wefj lq;wefjk l;qwfjklq; kfjqwl;fjk qwl;efjk ql;wfjk ql;wefjkql;fjkqwfjkl"], ["created_at", "2017-12-05 22:59:13.039214"], ["updated_at", "2017-12-05 22:59:13.039214"]]
  [1m[35m (21.5ms)[0m  [1m[36mcommit transaction[0m
Redirected to http://localhost:3000/posts/3
Completed 302 Found in 43ms (ActiveRecord: 24.5ms)


Started GET "/posts/3" for 127.0.0.1 at 2017-12-05 14:59:13 -0800
Processing by PostsController#show as HTML
  Parameters: {"id"=>"3"}
  [1m[36mPost Load (0.5ms)[0m  [1m[34mSELECT  "posts".* FROM "posts" WHERE "posts"."id" = ? LIMIT ?[0m  [["id", 3], ["LIMIT", 1]]
  Rendering posts/show.html.erb within layouts/application
  Rendered posts/show.html.erb within layouts/application (1.0ms)
Completed 200 OK in 187ms (Views: 154.6ms | ActiveRecord: 0.5ms)


Started GET "/posts" for 127.0.0.1 at 2017-12-05 14:59:17 -0800
Processing by PostsController#index as HTML
  Rendering posts/index.html.erb within layouts/application
  [1m[36mPost Load (0.5ms)[0m  [1m[34mSELECT "posts".* FROM "posts" ORDER BY created_at DESC[0m
  Rendered posts/index.html.erb within layouts/application (3.5ms)
Completed 200 OK in 170ms (Views: 140.0ms | ActiveRecord: 0.5ms)


Started GET "/" for 127.0.0.1 at 2017-12-05 15:00:01 -0800
Processing by PostsController#index as HTML
  Rendering posts/index.html.erb within layouts/application
  [1m[36mPost Load (0.5ms)[0m  [1m[34mSELECT "posts".* FROM "posts" ORDER BY created_at DESC[0m
  Rendered posts/index.html.erb within layouts/application (16.0ms)
Completed 200 OK in 182ms (Views: 147.7ms | ActiveRecord: 3.0ms)


Started GET "/" for 127.0.0.1 at 2017-12-05 15:10:41 -0800
Processing by PostsController#index as HTML
  Rendering posts/index.html.erb within layouts/application
  [1m[36mPost Load (0.5ms)[0m  [1m[34mSELECT "posts".* FROM "posts" ORDER BY created_at DESC[0m
  Rendered posts/index.html.erb within layouts/application (24.5ms)
Completed 200 OK in 180ms (Views: 149.1ms | ActiveRecord: 3.5ms)


Started GET "/posts/3" for 127.0.0.1 at 2017-12-05 15:13:27 -0800
Processing by PostsController#show as HTML
  Parameters: {"id"=>"3"}
  [1m[36mPost Load (0.0ms)[0m  [1m[34mSELECT  "posts".* FROM "posts" WHERE "posts"."id" = ? LIMIT ?[0m  [["id", 3], ["LIMIT", 1]]
  Rendering posts/show.html.erb within layouts/application
  Rendered posts/show.html.erb within layouts/application (1.0ms)
Completed 200 OK in 158ms (Views: 126.8ms | ActiveRecord: 0.0ms)


Started GET "/posts/3/edit" for 127.0.0.1 at 2017-12-05 15:13:33 -0800
Processing by PostsController#edit as HTML
  Parameters: {"id"=>"3"}
  [1m[36mPost Load (0.0ms)[0m  [1m[34mSELECT  "posts".* FROM "posts" WHERE "posts"."id" = ? LIMIT ?[0m  [["id", 3], ["LIMIT", 1]]
  Rendering posts/edit.html.erb within layouts/application
  Rendered posts/_form.html.erb (5.1ms)
  Rendered posts/edit.html.erb within layouts/application (30.0ms)
Completed 200 OK in 188ms (Views: 155.2ms | ActiveRecord: 0.0ms)


Started GET "/posts/3/new" for 127.0.0.1 at 2017-12-05 15:13:39 -0800
  
ActionController::RoutingError (No route matches [GET] "/posts/3/new"):
  
actionpack (5.1.4) lib/action_dispatch/middleware/debug_exceptions.rb:63:in `call'
web-console (3.5.1) lib/web_console/middleware.rb:135:in `call_app'
web-console (3.5.1) lib/web_console/middleware.rb:28:in `block in call'
web-console (3.5.1) lib/web_console/middleware.rb:18:in `catch'
web-console (3.5.1) lib/web_console/middleware.rb:18:in `call'
actionpack (5.1.4) lib/action_dispatch/middleware/show_exceptions.rb:31:in `call'
railties (5.1.4) lib/rails/rack/logger.rb:36:in `call_app'
railties (5.1.4) lib/rails/rack/logger.rb:24:in `block in call'
activesupport (5.1.4) lib/active_support/tagged_logging.rb:69:in `block in tagged'
activesupport (5.1.4) lib/active_support/tagged_logging.rb:26:in `tagged'
activesupport (5.1.4) lib/active_support/tagged_logging.rb:69:in `tagged'
railties (5.1.4) lib/rails/rack/logger.rb:24:in `call'
sprockets-rails (3.2.1) lib/sprockets/rails/quiet_assets.rb:13:in `call'
actionpack (5.1.4) lib/action_dispatch/middleware/remote_ip.rb:79:in `call'
actionpack (5.1.4) lib/action_dispatch/middleware/request_id.rb:25:in `call'
rack (2.0.3) lib/rack/method_override.rb:22:in `call'
rack (2.0.3) lib/rack/runtime.rb:22:in `call'
activesupport (5.1.4) lib/active_support/cache/strategy/local_cache_middleware.rb:27:in `call'
actionpack (5.1.4) lib/action_dispatch/middleware/executor.rb:12:in `call'
actionpack (5.1.4) lib/action_dispatch/middleware/static.rb:125:in `call'
rack (2.0.3) lib/rack/sendfile.rb:111:in `call'
railties (5.1.4) lib/rails/engine.rb:522:in `call'
puma (3.11.0) lib/puma/configuration.rb:225:in `call'
puma (3.11.0) lib/puma/server.rb:624:in `handle_request'
puma (3.11.0) lib/puma/server.rb:438:in `process_client'
puma (3.11.0) lib/puma/server.rb:302:in `block in run'
puma (3.11.0) lib/puma/thread_pool.rb:120:in `block in spawn_thread'
Started GET "/posts/new" for 127.0.0.1 at 2017-12-05 15:13:49 -0800
Processing by PostsController#new as HTML
  Rendering posts/new.html.erb within layouts/application
  Rendered posts/_form.html.erb (2.0ms)
  Rendered posts/new.html.erb within layouts/application (29.0ms)
Completed 200 OK in 184ms (Views: 155.1ms | ActiveRecord: 0.0ms)


Started GET "/posts" for 127.0.0.1 at 2017-12-05 15:13:55 -0800
Processing by PostsController#index as HTML
  Rendering posts/index.html.erb within layouts/application
  [1m[36mPost Load (0.0ms)[0m  [1m[34mSELECT "posts".* FROM "posts" ORDER BY created_at DESC[0m
  Rendered posts/index.html.erb within layouts/application (5.0ms)
Completed 200 OK in 156ms (Views: 128.7ms | ActiveRecord: 0.0ms)


Started GET "/posts/3" for 127.0.0.1 at 2017-12-05 15:14:59 -0800
Processing by PostsController#show as HTML
  Parameters: {"id"=>"3"}
  [1m[36mPost Load (0.5ms)[0m  [1m[34mSELECT  "posts".* FROM "posts" WHERE "posts"."id" = ? LIMIT ?[0m  [["id", 3], ["LIMIT", 1]]
  Rendering posts/show.html.erb within layouts/application
  Rendered posts/show.html.erb within layouts/application (1.0ms)
Completed 200 OK in 184ms (Views: 147.9ms | ActiveRecord: 0.5ms)


Started GET "/posts/3/edit" for 127.0.0.1 at 2017-12-05 15:15:05 -0800
Processing by PostsController#edit as HTML
  Parameters: {"id"=>"3"}
  [1m[36mPost Load (0.0ms)[0m  [1m[34mSELECT  "posts".* FROM "posts" WHERE "posts"."id" = ? LIMIT ?[0m  [["id", 3], ["LIMIT", 1]]
  Rendering posts/edit.html.erb within layouts/application
  Rendered posts/_form.html.erb (2.0ms)
  Rendered posts/edit.html.erb within layouts/application (29.0ms)
Completed 200 OK in 187ms (Views: 151.5ms | ActiveRecord: 0.0ms)


Started PATCH "/posts/3" for 127.0.0.1 at 2017-12-05 15:15:22 -0800
Processing by PostsController#update as HTML
  Parameters: {"utf8"=>"✓", "authenticity_token"=>"cwKNr+ax/NXi02+frdxtSTkyvAjfxUfI/EdD5WTE2tZlOPFTF8MFdLtkbGgINd4uyF+uHwUv2Gje5N+Xx/2TNA==", "post"=>{"title"=>"This is now an actual Post", "body"=>"Update is working correctly!"}, "commit"=>"Update Post", "id"=>"3"}
  [1m[36mPost Load (1.0ms)[0m  [1m[34mSELECT  "posts".* FROM "posts" WHERE "posts"."id" = ? LIMIT ?[0m  [["id", 3], ["LIMIT", 1]]
  [1m[35m (0.0ms)[0m  [1m[36mbegin transaction[0m
  [1m[35mSQL (2.0ms)[0m  [1m[33mUPDATE "posts" SET "title" = ?, "body" = ?, "updated_at" = ? WHERE "posts"."id" = ?[0m  [["title", "This is now an actual Post"], ["body", "Update is working correctly!"], ["updated_at", "2017-12-05 23:15:22.519129"], ["id", 3]]
  [1m[35m (20.6ms)[0m  [1m[36mcommit transaction[0m
Redirected to http://localhost:3000/posts/3
Completed 302 Found in 50ms (ActiveRecord: 23.7ms)


Started GET "/posts/3" for 127.0.0.1 at 2017-12-05 15:15:22 -0800
Processing by PostsController#show as HTML
  Parameters: {"id"=>"3"}
  [1m[36mPost Load (0.0ms)[0m  [1m[34mSELECT  "posts".* FROM "posts" WHERE "posts"."id" = ? LIMIT ?[0m  [["id", 3], ["LIMIT", 1]]
  Rendering posts/show.html.erb within layouts/application
  Rendered posts/show.html.erb within layouts/application (0.0ms)
Completed 200 OK in 178ms (Views: 147.8ms | ActiveRecord: 0.0ms)


Started GET "/posts" for 127.0.0.1 at 2017-12-05 15:15:27 -0800
Processing by PostsController#index as HTML
  Rendering posts/index.html.erb within layouts/application
  [1m[36mPost Load (0.0ms)[0m  [1m[34mSELECT "posts".* FROM "posts" ORDER BY created_at DESC[0m
  Rendered posts/index.html.erb within layouts/application (8.0ms)
Completed 200 OK in 161ms (Views: 130.6ms | ActiveRecord: 0.0ms)


Started GET "/posts/3" for 127.0.0.1 at 2017-12-05 15:16:59 -0800
Processing by PostsController#show as HTML
  Parameters: {"id"=>"3"}
  [1m[36mPost Load (0.5ms)[0m  [1m[34mSELECT  "posts".* FROM "posts" WHERE "posts"."id" = ? LIMIT ?[0m  [["id", 3], ["LIMIT", 1]]
  Rendering posts/show.html.erb within layouts/application
  Rendered posts/show.html.erb within layouts/application (1.0ms)
Completed 200 OK in 251ms (Views: 182.6ms | ActiveRecord: 0.5ms)


Started GET "/posts/3" for 127.0.0.1 at 2017-12-05 15:17:28 -0800
Processing by PostsController#show as HTML
  Parameters: {"id"=>"3"}
  [1m[36mPost Load (0.5ms)[0m  [1m[34mSELECT  "posts".* FROM "posts" WHERE "posts"."id" = ? LIMIT ?[0m  [["id", 3], ["LIMIT", 1]]
  Rendering posts/show.html.erb within layouts/application
  Rendered posts/show.html.erb within layouts/application (1.5ms)
Completed 200 OK in 242ms (Views: 172.1ms | ActiveRecord: 0.5ms)


Started GET "/posts/3/edit" for 127.0.0.1 at 2017-12-05 15:17:30 -0800
Processing by PostsController#edit as HTML
  Parameters: {"id"=>"3"}
  [1m[36mPost Load (0.5ms)[0m  [1m[34mSELECT  "posts".* FROM "posts" WHERE "posts"."id" = ? LIMIT ?[0m  [["id", 3], ["LIMIT", 1]]
  Rendering posts/edit.html.erb within layouts/application
  Rendered posts/_form.html.erb (2.5ms)
  Rendered posts/edit.html.erb within layouts/application (34.5ms)
Completed 200 OK in 223ms (Views: 187.7ms | ActiveRecord: 0.5ms)


Started PATCH "/posts/3" for 127.0.0.1 at 2017-12-05 15:17:33 -0800
Processing by PostsController#update as HTML
  Parameters: {"utf8"=>"✓", "authenticity_token"=>"8s35k58rL030bd0ZaSAzG5dvq1Hs4NPseP6eZ1xk+juFGWAQMEYXku17m4g6dhnqw3rVD1OnEkwwcS+NHGt39Q==", "post"=>{"title"=>"This is now an actual Post", "body"=>"Update is working correctly!"}, "commit"=>"Update Post", "id"=>"3"}
  [1m[36mPost Load (0.5ms)[0m  [1m[34mSELECT  "posts".* FROM "posts" WHERE "posts"."id" = ? LIMIT ?[0m  [["id", 3], ["LIMIT", 1]]
  [1m[35m (0.0ms)[0m  [1m[36mbegin transaction[0m
  [1m[35m (0.5ms)[0m  [1m[36mcommit transaction[0m
Redirected to http://localhost:3000/posts/3
Completed 302 Found in 18ms (ActiveRecord: 1.0ms)


Started GET "/posts/3" for 127.0.0.1 at 2017-12-05 15:17:33 -0800
Processing by PostsController#show as HTML
  Parameters: {"id"=>"3"}
  [1m[36mPost Load (0.5ms)[0m  [1m[34mSELECT  "posts".* FROM "posts" WHERE "posts"."id" = ? LIMIT ?[0m  [["id", 3], ["LIMIT", 1]]
  Rendering posts/show.html.erb within layouts/application
  Rendered posts/show.html.erb within layouts/application (2.0ms)
Completed 200 OK in 203ms (Views: 165.1ms | ActiveRecord: 0.5ms)


Started GET "/posts" for 127.0.0.1 at 2017-12-05 15:17:37 -0800
Processing by PostsController#index as HTML
  Rendering posts/index.html.erb within layouts/application
  [1m[36mPost Load (0.5ms)[0m  [1m[34mSELECT "posts".* FROM "posts" ORDER BY created_at DESC[0m
  Rendered posts/index.html.erb within layouts/application (5.5ms)
Completed 200 OK in 211ms (Views: 172.1ms | ActiveRecord: 0.5ms)


Started GET "/posts/3" for 127.0.0.1 at 2017-12-05 15:19:36 -0800
Processing by PostsController#show as HTML
  Parameters: {"id"=>"3"}
  [1m[36mPost Load (0.0ms)[0m  [1m[34mSELECT  "posts".* FROM "posts" WHERE "posts"."id" = ? LIMIT ?[0m  [["id", 3], ["LIMIT", 1]]
  Rendering posts/show.html.erb within layouts/application
  Rendered posts/show.html.erb within layouts/application (1.5ms)
Completed 200 OK in 176ms (Views: 127.8ms | ActiveRecord: 2.5ms)


Started DELETE "/posts/3" for 127.0.0.1 at 2017-12-05 15:19:40 -0800
  
AbstractController::ActionNotFound (The action 'destroy' could not be found for PostsController):
  
actionpack (5.1.4) lib/abstract_controller/base.rb:119:in `process'
actionview (5.1.4) lib/action_view/rendering.rb:30:in `process'
actionpack (5.1.4) lib/action_controller/metal.rb:189:in `dispatch'
actionpack (5.1.4) lib/action_controller/metal.rb:253:in `dispatch'
actionpack (5.1.4) lib/action_dispatch/routing/route_set.rb:49:in `dispatch'
actionpack (5.1.4) lib/action_dispatch/routing/route_set.rb:31:in `serve'
actionpack (5.1.4) lib/action_dispatch/journey/router.rb:50:in `block in serve'
actionpack (5.1.4) lib/action_dispatch/journey/router.rb:33:in `each'
actionpack (5.1.4) lib/action_dispatch/journey/router.rb:33:in `serve'
actionpack (5.1.4) lib/action_dispatch/routing/route_set.rb:834:in `call'
rack (2.0.3) lib/rack/etag.rb:25:in `call'
rack (2.0.3) lib/rack/conditional_get.rb:38:in `call'
rack (2.0.3) lib/rack/head.rb:12:in `call'
rack (2.0.3) lib/rack/session/abstract/id.rb:232:in `context'
rack (2.0.3) lib/rack/session/abstract/id.rb:226:in `call'
actionpack (5.1.4) lib/action_dispatch/middleware/cookies.rb:613:in `call'
activerecord (5.1.4) lib/active_record/migration.rb:556:in `call'
actionpack (5.1.4) lib/action_dispatch/middleware/callbacks.rb:26:in `block in call'
activesupport (5.1.4) lib/active_support/callbacks.rb:97:in `run_callbacks'
actionpack (5.1.4) lib/action_dispatch/middleware/callbacks.rb:24:in `call'
actionpack (5.1.4) lib/action_dispatch/middleware/executor.rb:12:in `call'
actionpack (5.1.4) lib/action_dispatch/middleware/debug_exceptions.rb:59:in `call'
web-console (3.5.1) lib/web_console/middleware.rb:135:in `call_app'
web-console (3.5.1) lib/web_console/middleware.rb:28:in `block in call'
web-console (3.5.1) lib/web_console/middleware.rb:18:in `catch'
web-console (3.5.1) lib/web_console/middleware.rb:18:in `call'
actionpack (5.1.4) lib/action_dispatch/middleware/show_exceptions.rb:31:in `call'
railties (5.1.4) lib/rails/rack/logger.rb:36:in `call_app'
railties (5.1.4) lib/rails/rack/logger.rb:24:in `block in call'
activesupport (5.1.4) lib/active_support/tagged_logging.rb:69:in `block in tagged'
activesupport (5.1.4) lib/active_support/tagged_logging.rb:26:in `tagged'
activesupport (5.1.4) lib/active_support/tagged_logging.rb:69:in `tagged'
railties (5.1.4) lib/rails/rack/logger.rb:24:in `call'
sprockets-rails (3.2.1) lib/sprockets/rails/quiet_assets.rb:13:in `call'
actionpack (5.1.4) lib/action_dispatch/middleware/remote_ip.rb:79:in `call'
actionpack (5.1.4) lib/action_dispatch/middleware/request_id.rb:25:in `call'
rack (2.0.3) lib/rack/method_override.rb:22:in `call'
rack (2.0.3) lib/rack/runtime.rb:22:in `call'
activesupport (5.1.4) lib/active_support/cache/strategy/local_cache_middleware.rb:27:in `call'
actionpack (5.1.4) lib/action_dispatch/middleware/executor.rb:12:in `call'
actionpack (5.1.4) lib/action_dispatch/middleware/static.rb:125:in `call'
rack (2.0.3) lib/rack/sendfile.rb:111:in `call'
railties (5.1.4) lib/rails/engine.rb:522:in `call'
puma (3.11.0) lib/puma/configuration.rb:225:in `call'
puma (3.11.0) lib/puma/server.rb:624:in `handle_request'
puma (3.11.0) lib/puma/server.rb:438:in `process_client'
puma (3.11.0) lib/puma/server.rb:302:in `block in run'
puma (3.11.0) lib/puma/thread_pool.rb:120:in `block in spawn_thread'
Started GET "/posts/3" for 127.0.0.1 at 2017-12-05 15:21:22 -0800
Processing by PostsController#show as HTML
  Parameters: {"id"=>"3"}
  [1m[36mPost Load (0.5ms)[0m  [1m[34mSELECT  "posts".* FROM "posts" WHERE "posts"."id" = ? LIMIT ?[0m  [["id", 3], ["LIMIT", 1]]
  Rendering posts/show.html.erb within layouts/application
  Rendered posts/show.html.erb within layouts/application (2.0ms)
Completed 200 OK in 232ms (Views: 169.5ms | ActiveRecord: 1.5ms)


Started DELETE "/posts/3" for 127.0.0.1 at 2017-12-05 15:21:24 -0800
Processing by PostsController#destroy as HTML
  Parameters: {"authenticity_token"=>"A8FwOyJPCiHilpaJiw7bQtUxpxVSRkIHQ2C715ShU84V+wzH0z3zgLshlX4u52glJFy1Aois3adhwyelN5gaLA==", "id"=>"3"}
Completed 500 Internal Server Error in 4ms (ActiveRecord: 0.0ms)


  
NoMethodError (undefined method `destroy' for nil:NilClass):
  
app/controllers/posts_controller.rb:21:in `destroy'
Started DELETE "/posts/3" for 127.0.0.1 at 2017-12-05 15:22:13 -0800
Processing by PostsController#destroy as HTML
  Parameters: {"authenticity_token"=>"A8FwOyJPCiHilpaJiw7bQtUxpxVSRkIHQ2C715ShU84V+wzH0z3zgLshlX4u52glJFy1Aois3adhwyelN5gaLA==", "id"=>"3"}
  [1m[36mPost Load (0.5ms)[0m  [1m[34mSELECT  "posts".* FROM "posts" WHERE "posts"."id" = ? LIMIT ?[0m  [["id", 3], ["LIMIT", 1]]
  [1m[35m (0.0ms)[0m  [1m[36mbegin transaction[0m
  [1m[35mSQL (2.0ms)[0m  [1m[31mDELETE FROM "posts" WHERE "posts"."id" = ?[0m  [["id", 3]]
  [1m[35m (45.5ms)[0m  [1m[36mcommit transaction[0m
Redirected to http://localhost:3000/
Completed 302 Found in 84ms (ActiveRecord: 48.5ms)


Started GET "/" for 127.0.0.1 at 2017-12-05 15:22:13 -0800
Processing by PostsController#index as HTML
  Rendering posts/index.html.erb within layouts/application
  [1m[36mPost Load (3.0ms)[0m  [1m[34mSELECT "posts".* FROM "posts" ORDER BY created_at DESC[0m
  Rendered posts/index.html.erb within layouts/application (11.0ms)
Completed 200 OK in 217ms (Views: 173.6ms | ActiveRecord: 3.0ms)


Started GET "/posts/1" for 127.0.0.1 at 2017-12-05 15:22:17 -0800
Processing by PostsController#show as HTML
  Parameters: {"id"=>"1"}
  [1m[36mPost Load (0.5ms)[0m  [1m[34mSELECT  "posts".* FROM "posts" WHERE "posts"."id" = ? LIMIT ?[0m  [["id", 1], ["LIMIT", 1]]
  Rendering posts/show.html.erb within layouts/application
  Rendered posts/show.html.erb within layouts/application (6.0ms)
Completed 200 OK in 256ms (Views: 201.5ms | ActiveRecord: 0.5ms)


Started DELETE "/posts/1" for 127.0.0.1 at 2017-12-05 15:22:23 -0800
Processing by PostsController#destroy as HTML
  Parameters: {"authenticity_token"=>"e8VFMsJqV+OaYMkXYYL25+EIX83/V1d7idhSeuEqlHVt/znOMxiuQsPXyuDEa0WAEGVN2iW9yNure84IQhPdlw==", "id"=>"1"}
  [1m[36mPost Load (0.5ms)[0m  [1m[34mSELECT  "posts".* FROM "posts" WHERE "posts"."id" = ? LIMIT ?[0m  [["id", 1], ["LIMIT", 1]]
  [1m[35m (0.0ms)[0m  [1m[36mbegin transaction[0m
  [1m[35mSQL (2.0ms)[0m  [1m[31mDELETE FROM "posts" WHERE "posts"."id" = ?[0m  [["id", 1]]
  [1m[35m (22.0ms)[0m  [1m[36mcommit transaction[0m
Redirected to http://localhost:3000/
Completed 302 Found in 39ms (ActiveRecord: 24.5ms)


Started GET "/" for 127.0.0.1 at 2017-12-05 15:22:23 -0800
Processing by PostsController#index as HTML
  Rendering posts/index.html.erb within layouts/application
  [1m[36mPost Load (0.5ms)[0m  [1m[34mSELECT "posts".* FROM "posts" ORDER BY created_at DESC[0m
  Rendered posts/index.html.erb within layouts/application (4.5ms)
Completed 200 OK in 214ms (Views: 177.6ms | ActiveRecord: 0.5ms)


